{"C:\\Users\\Ben\\Documents\\2._Dev_Design_Work\\devRoot\\bfi_2017\\src\\dog.js": {"path":"C:\\Users\\Ben\\Documents\\2._Dev_Design_Work\\devRoot\\bfi_2017\\src\\dog.js","statementMap":{"0":{"start":{"line":7,"column":4},"end":{"line":7,"column":21}},"1":{"start":{"line":11,"column":4},"end":{"line":11,"column":40}}},"fnMap":{"0":{"name":"(anonymous_0)","decl":{"start":{"line":6,"column":2},"end":{"line":6,"column":3}},"loc":{"start":{"line":6,"column":28},"end":{"line":8,"column":3}},"line":6},"1":{"name":"(anonymous_1)","decl":{"start":{"line":10,"column":2},"end":{"line":10,"column":3}},"loc":{"start":{"line":10,"column":9},"end":{"line":12,"column":3}},"line":10}},"branchMap":{},"s":{"0":1,"1":1},"f":{"0":1,"1":1},"b":{},"_coverageSchema":"332fd63041d2c1bcb487cc26dd0d5f7d97098a6c","hash":"5e00c81327f2ba05b6aa59481c7732c6060a4800"}
}
